{"name": "test_login[admin-Test@1235]", "status": "failed", "statusDetails": {"message": "AssertionError: True\nassert '<html lang=\"...DY --></html>' == 'Admin  | Dashboard'\n  \n  - Admin  | Dashboard\n  + <html lang=\"en\" class=\" js flexbox flexboxlegacy canvas canvastext webgl no-touch geolocation postmessage no-websqldatabase indexeddb hashchange history draganddrop websockets rgba hsla multiplebgs backgroundsize borderimage borderradius boxshadow textshadow opacity cssanimations csscolumns cssgradients cssreflections csstransforms csstransforms3d csstransitions fontface generatedcontent video audio localstorage sessionstorage webworkers no-applicationcache svg inlinesvg smil svgclippaths\"><head>\n  + \t\t<title>Admin-Login</title>\n  + \t\t<meta charset=\"utf-8\">\n  + \t\t<me...\n  \n  ...Full output truncated (99 lines hidden), use '-vv' to show", "trace": "pages = <class 'conftest.pages.<locals>.Pages'>, driver = <selenium.webdriver.chrome.webdriver.WebDriver (session=\"1410142060f72fe46175b88be5ad4b35\")>\nusername = 'admin', password = 'Test@1235'\n\n    @mark.parametrize(\"username,password\",[(\"admin\",\"Test@1235\")])\n    def test_login(pages,driver,username,password):\n        pages.homepage.admin_login()\n        assert driver.title == \"Admin-Login\"\n        pages.admin_loginpage.verify_valid_user_login(username,password)\n>       assert driver.page_source == \"Admin  | Dashboard\",f\"{driver.save_screenshot(\"screenshots/sample2.png\")}\"\nE       AssertionError: True\nE       assert '<html lang=\"...DY --></html>' == 'Admin  | Dashboard'\nE         \nE         - Admin  | Dashboard\nE         + <html lang=\"en\" class=\" js flexbox flexboxlegacy canvas canvastext webgl no-touch geolocation postmessage no-websqldatabase indexeddb hashchange history draganddrop websockets rgba hsla multiplebgs backgroundsize borderimage borderradius boxshadow textshadow opacity cssanimations csscolumns cssgradients cssreflections csstransforms csstransforms3d csstransitions fontface generatedcontent video audio localstorage sessionstorage webworkers no-applicationcache svg inlinesvg smil svgclippaths\"><head>\nE         + \t\t<title>Admin-Login</title>\nE         + \t\t<meta charset=\"utf-8\">\nE         + \t\t<me...\nE         \nE         ...Full output truncated (99 lines hidden), use '-vv' to show\n\ntestScripts\\test_sample.py:11: AssertionError"}, "parameters": [{"name": "username", "value": "'admin'"}, {"name": "password", "value": "'Test@1235'"}], "start": 1721996954906, "stop": 1721996956727, "uuid": "e505bcbf-d551-48d5-a6e1-93d8372221b7", "historyId": "ad5d34119c7e629f64c88c485922fe75", "testCaseId": "6d7eb2f07b232ba8f0680f7a3b10aa50", "fullName": "testScripts.test_sample#test_login", "labels": [{"name": "parentSuite", "value": "testScripts"}, {"name": "suite", "value": "test_sample"}, {"name": "host", "value": "DESKTOP-AB9GVU3"}, {"name": "thread", "value": "16608-MainThread"}, {"name": "framework", "value": "pytest"}, {"name": "language", "value": "cpython3"}, {"name": "package", "value": "testScripts.test_sample"}]}